{"level":"info","message":"Starting automatic notes initialization...","timestamp":"2025-05-23T19:05:04.715Z"}
{"level":"error","message":"Error in notes initialization: column \"created_at\" of relation \"notes\" does not exist","timestamp":"2025-05-23T19:05:04.761Z"}
{"level":"info","message":"Starting automatic notes initialization...","timestamp":"2025-05-23T19:05:09.530Z"}
{"level":"error","message":"Error in notes initialization: column \"created_at\" of relation \"notes\" does not exist","timestamp":"2025-05-23T19:05:09.538Z"}
{"level":"info","message":"Starting automatic notes initialization...","timestamp":"2025-05-23T19:13:51.865Z"}
{"level":"info","message":"Automatic notes initialization completed","timestamp":"2025-05-23T19:13:51.965Z"}
{"level":"info","message":"Starting automatic notes initialization...","timestamp":"2025-05-23T19:13:56.693Z"}
{"level":"info","message":"Automatic notes initialization completed","timestamp":"2025-05-23T19:13:56.708Z"}
{"level":"info","message":"Starting automatic notes initialization...","timestamp":"2025-05-23T19:42:31.378Z"}
{"level":"info","message":"Automatic notes initialization completed","timestamp":"2025-05-23T19:42:31.417Z"}
{"level":"info","message":"Starting automatic notes initialization...","timestamp":"2025-05-23T19:42:36.200Z"}
{"level":"info","message":"Automatic notes initialization completed","timestamp":"2025-05-23T19:42:36.222Z"}
{"level":"info","message":"Starting automatic notes initialization...","timestamp":"2025-05-23T19:59:15.598Z"}
{"level":"info","message":"Automatic notes initialization completed","timestamp":"2025-05-23T19:59:15.635Z"}
{"level":"info","message":"Starting automatic notes initialization...","timestamp":"2025-05-23T19:59:20.436Z"}
{"level":"info","message":"Automatic notes initialization completed","timestamp":"2025-05-23T19:59:20.479Z"}
{"level":"info","message":"Starting automatic notes initialization...","timestamp":"2025-05-23T20:14:26.183Z"}
{"level":"info","message":"Automatic notes initialization completed","timestamp":"2025-05-23T20:14:26.224Z"}
{"level":"info","message":"Starting automatic notes initialization...","timestamp":"2025-05-23T20:14:30.971Z"}
{"level":"info","message":"Automatic notes initialization completed","timestamp":"2025-05-23T20:14:30.985Z"}
{"level":"info","message":"Starting automatic notes initialization...","timestamp":"2025-05-23T21:08:33.461Z"}
{"level":"info","message":"Automatic notes initialization completed","timestamp":"2025-05-23T21:08:33.499Z"}
{"level":"info","message":"Starting automatic notes initialization...","timestamp":"2025-05-23T21:08:38.258Z"}
{"level":"info","message":"Automatic notes initialization completed","timestamp":"2025-05-23T21:08:38.273Z"}
{"level":"error","message":"Error in getStudentsForGrading: error: invalid input syntax for type integer: \"summary\"","timestamp":"2025-05-23T21:09:02.197Z"}
{"level":"error","message":"Failed to fetch students grades: error: invalid input syntax for type integer: \"summary\"","timestamp":"2025-05-23T21:09:02.199Z"}
{"level":"info","message":"Starting automatic notes initialization...","timestamp":"2025-05-23T21:10:54.945Z"}
{"level":"info","message":"Automatic notes initialization completed","timestamp":"2025-05-23T21:10:55.014Z"}
{"level":"info","message":"Starting automatic notes initialization...","timestamp":"2025-05-23T21:10:59.506Z"}
{"level":"info","message":"Automatic notes initialization completed","timestamp":"2025-05-23T21:10:59.517Z"}
{"level":"info","message":"Starting automatic notes initialization...","timestamp":"2025-05-23T21:16:12.718Z"}
{"level":"info","message":"Automatic notes initialization completed","timestamp":"2025-05-23T21:16:12.773Z"}
{"level":"info","message":"Starting automatic notes initialization...","timestamp":"2025-05-23T21:16:17.506Z"}
{"level":"info","message":"Automatic notes initialization completed","timestamp":"2025-05-23T21:16:17.517Z"}
{"level":"info","message":"Starting automatic notes initialization...","timestamp":"2025-05-23T21:21:36.895Z"}
{"level":"info","message":"Automatic notes initialization completed","timestamp":"2025-05-23T21:21:36.942Z"}
{"level":"info","message":"Starting automatic notes initialization...","timestamp":"2025-05-23T21:21:41.677Z"}
{"level":"info","message":"Automatic notes initialization completed","timestamp":"2025-05-23T21:21:41.696Z"}
{"level":"info","message":"Starting automatic notes initialization...","timestamp":"2025-05-23T21:27:42.995Z"}
{"level":"info","message":"Automatic notes initialization completed","timestamp":"2025-05-23T21:27:43.031Z"}
{"level":"info","message":"Starting automatic notes initialization...","timestamp":"2025-05-23T21:27:47.822Z"}
{"level":"info","message":"Automatic notes initialization completed","timestamp":"2025-05-23T21:27:47.836Z"}
{"level":"info","message":"Starting automatic notes initialization...","timestamp":"2025-05-24T08:42:58.232Z"}
{"level":"info","message":"Automatic notes initialization completed","timestamp":"2025-05-24T08:42:58.299Z"}
{"level":"info","message":"Starting automatic notes initialization...","timestamp":"2025-05-24T08:43:02.986Z"}
{"level":"info","message":"Automatic notes initialization completed","timestamp":"2025-05-24T08:43:02.997Z"}
{"level":"info","message":"Starting automatic notes initialization...","timestamp":"2025-05-24T08:52:12.661Z"}
{"level":"info","message":"Automatic notes initialization completed","timestamp":"2025-05-24T08:52:12.697Z"}
{"level":"info","message":"Starting automatic notes initialization...","timestamp":"2025-05-24T08:52:17.498Z"}
{"level":"info","message":"Automatic notes initialization completed","timestamp":"2025-05-24T08:52:17.534Z"}
{"level":"info","message":"Starting automatic notes initialization...","timestamp":"2025-05-24T09:11:21.023Z"}
{"level":"info","message":"Automatic notes initialization completed","timestamp":"2025-05-24T09:11:21.055Z"}
{"level":"info","message":"Starting automatic notes initialization...","timestamp":"2025-05-24T09:11:25.845Z"}
{"level":"info","message":"Automatic notes initialization completed","timestamp":"2025-05-24T09:11:25.876Z"}
{"level":"info","message":"Starting automatic notes initialization...","timestamp":"2025-05-24T09:14:03.363Z"}
{"level":"info","message":"Automatic notes initialization completed","timestamp":"2025-05-24T09:14:03.403Z"}
{"level":"info","message":"Starting automatic notes initialization...","timestamp":"2025-05-24T09:14:08.190Z"}
{"level":"info","message":"Automatic notes initialization completed","timestamp":"2025-05-24T09:14:08.237Z"}
